#
# There is insufficient memory for the Java Runtime Environment to continue.
# Native memory allocation (mmap) failed to map 167772160 bytes for Failed to commit area from 0x0000000760e00000 to 0x000000076ae00000 of length 167772160.
# Possible reasons:
#   The system is out of physical RAM or swap space
#   The process is running with CompressedOops enabled, and the Java Heap may be blocking the growth of the native heap
# Possible solutions:
#   Reduce memory load on the system
#   Increase physical memory or swap space
#   Check if swap backing store is full
#   Decrease Java heap size (-Xmx/-Xms)
#   Decrease number of Java threads
#   Decrease Java thread stack sizes (-Xss)
#   Set larger code cache with -XX:ReservedCodeCacheSize=
# This output file may be truncated or incomplete.
#
#  Out of Memory Error (t:/workspace/open/src/hotspot/os/windows/os_windows.cpp:3301), pid=8876, tid=13256
#
# JRE version:  (13.0.1+9) (build )
# Java VM: Java HotSpot(TM) 64-Bit Server VM (13.0.1+9, mixed mode, aot, sharing, tiered, compressed oops, g1 gc, windows-amd64)
# No core dump will be written. Minidumps are not enabled by default on client versions of Windows
#

---------------  S U M M A R Y ------------

Command Line: -javaagent:C:\Program Files\JetBrains\IntelliJ IDEA Community Edition 2020.1.3\lib\idea_rt.jar=54188:C:\Program Files\JetBrains\IntelliJ IDEA Community Edition 2020.1.3\bin -Dfile.encoding=UTF-8 ai.skillo.Main

Host: AMD Ryzen 5 3500U with Radeon Vega Mobile Gfx  , 8 cores, 9G,  Windows 10 , 64 bit Build 18362 (10.0.18362.959)
Time: Fri Jul 31 15:44:42 2020 Eastern Daylight Time elapsed time: 0 seconds (0d 0h 0m 0s)

---------------  T H R E A D  ---------------

Current thread (0x000001eaf9add000):  JavaThread "Unknown thread" [_thread_in_vm, id=13256, stack(0x000000610ef00000,0x000000610f000000)]

Stack: [0x000000610ef00000,0x000000610f000000]
Native frames: (J=compiled Java code, j=interpreted, Vv=VM code, C=native code)
V  [jvm.dll+0x626eca]
V  [jvm.dll+0x772c6a]
V  [jvm.dll+0x77441f]
V  [jvm.dll+0x774a23]
V  [jvm.dll+0x24da58]
V  [jvm.dll+0x62438a]
V  [jvm.dll+0x618f75]
V  [jvm.dll+0x30c61c]
V  [jvm.dll+0x30c452]
V  [jvm.dll+0x311bc6]
V  [jvm.dll+0x355ce6]
V  [jvm.dll+0x3554c0]
V  [jvm.dll+0x2e729a]
V  [jvm.dll+0x2e8532]
V  [jvm.dll+0x74fcd8]
V  [jvm.dll+0x363739]
V  [jvm.dll+0x732dc5]
V  [jvm.dll+0x3ce2ef]
V  [jvm.dll+0x3d0611]
C  [jli.dll+0x51ff]
C  [ucrtbase.dll+0x20e82]
C  [KERNEL32.DLL+0x17bd4]
C  [ntdll.dll+0x6ce51]


---------------  P R O C E S S  ---------------

Threads class SMR info:
_java_thread_list=0x00007ffb5ab946b8, length=0, elements={
}

Java Threads: ( => current thread )

Other Threads:
  0x000001eaf9b2c000 GCTaskThread "GC Thread#0" [stack: 0x000000610f000000,0x000000610f100000] [id=11856]
  0x000001eaf9b41800 ConcurrentGCThread "G1 Main Marker" [stack: 0x000000610f100000,0x000000610f200000] [id=12180]
  0x000001eaf9b43000 ConcurrentGCThread "G1 Conc#0" [stack: 0x000000610f200000,0x000000610f300000] [id=12488]

[error occurred during error reporting (printing all threads), id 0xc0000005, EXCEPTION_ACCESS_VIOLATION (0xc0000005) at pc=0x00007ffb5a3c6f67]

VM state:not at safepoint (not fully initialized)

VM Mutex/Monitor currently owned by a thread:  ([mutex/lock_event])
[0x000001eaf9ad9e00] Heap_lock - owner thread: 0x000001eaf9add000

Heap address: 0x0000000760e00000, size: 2546 MB, Compressed Oops mode: Non-zero based: 0x0000000760e00000
Narrow klass base: 0x0000000000000000, Narrow klass shift: 0

GC Heap History (0 events):
No events

Deoptimization events (0 events):
No events

Classes unloaded (0 events):
No events

Classes redefined (0 events):
No events

Internal exceptions (0 events):
No events

Events (8 events):
Event: 0.012 Loaded shared library C:\Program Files\Java\jdk-13.0.1\bin\zip.dll
Event: 0.013 Loaded shared library C:\Program Files\Java\jdk-13.0.1\bin\jimage.dll
Event: 0.015 Loading shared library C:\Program Files\Java\jdk-13.0.1\lib\libjava.base-coop.dll failed, error code 126
Event: 0.015 Loading shared library C:\Program Files\Java\jdk-13.0.1\lib\libjava.logging-coop.dll failed, error code 126
Event: 0.015 Loading shared library C:\Program Files\Java\jdk-13.0.1\lib\libjdk.compiler-coop.dll failed, error code 126
Event: 0.015 Loading shared library C:\Program Files\Java\jdk-13.0.1\lib\libjdk.scripting.nashorn-coop.dll failed, error code 126
Event: 0.015 Loading shared library C:\Program Files\Java\jdk-13.0.1\lib\libjdk.internal.vm.ci-coop.dll failed, error code 126
Event: 0.015 Loading shared library C:\Program Files\Java\jdk-13.0.1\lib\libjdk.internal.vm.compiler-coop.dll failed, error code 126


Dynamic libraries:
0x00007ff78a2d0000 - 0x00007ff78a2df000 	C:\Program Files\Java\jdk-13.0.1\bin\java.exe
0x00007ffba5ac0000 - 0x00007ffba5cb0000 	C:\WINDOWS\SYSTEM32\ntdll.dll
0x00007ffba5330000 - 0x00007ffba53e2000 	C:\WINDOWS\System32\KERNEL32.DLL
0x00007ffba37c0000 - 0x00007ffba3a64000 	C:\WINDOWS\System32\KERNELBASE.dll
0x00007ffba3a70000 - 0x00007ffba3b6a000 	C:\WINDOWS\System32\ucrtbase.dll
0x00007ffb9cda0000 - 0x00007ffb9cdb5000 	C:\Program Files\Java\jdk-13.0.1\bin\VCRUNTIME140.dll
0x00007ffb9cd80000 - 0x00007ffb9cd98000 	C:\Program Files\Java\jdk-13.0.1\bin\jli.dll
0x00007ffba5280000 - 0x00007ffba5323000 	C:\WINDOWS\System32\ADVAPI32.dll
0x00007ffba5560000 - 0x00007ffba55fe000 	C:\WINDOWS\System32\msvcrt.dll
0x00007ffba3d90000 - 0x00007ffba3e27000 	C:\WINDOWS\System32\sechost.dll
0x00007ffba3c70000 - 0x00007ffba3d90000 	C:\WINDOWS\System32\RPCRT4.dll
0x00007ffba5600000 - 0x00007ffba5794000 	C:\WINDOWS\System32\USER32.dll
0x00007ffb8f4f0000 - 0x00007ffb8f774000 	C:\WINDOWS\WinSxS\amd64_microsoft.windows.common-controls_6595b64144ccf1df_6.0.18362.959_none_e6c7bbbf130c62bb\COMCTL32.dll
0x00007ffba2ac0000 - 0x00007ffba2ae1000 	C:\WINDOWS\System32\win32u.dll
0x00007ffba4520000 - 0x00007ffba4546000 	C:\WINDOWS\System32\GDI32.dll
0x00007ffba4660000 - 0x00007ffba4995000 	C:\WINDOWS\System32\combase.dll
0x00007ffba2af0000 - 0x00007ffba2c86000 	C:\WINDOWS\System32\gdi32full.dll
0x00007ffba2a40000 - 0x00007ffba2ac0000 	C:\WINDOWS\System32\bcryptPrimitives.dll
0x00007ffba35d0000 - 0x00007ffba366e000 	C:\WINDOWS\System32\msvcp_win.dll
0x00007ffb9aa20000 - 0x00007ffb9aa2a000 	C:\WINDOWS\SYSTEM32\VERSION.dll
0x00007ffba5460000 - 0x00007ffba548e000 	C:\WINDOWS\System32\IMM32.DLL
0x00007ffb89050000 - 0x00007ffb890eb000 	C:\Program Files\Java\jdk-13.0.1\bin\msvcp140.dll
0x00007ffb5a0d0000 - 0x00007ffb5ac36000 	C:\Program Files\Java\jdk-13.0.1\bin\server\jvm.dll
0x00007ffba49a0000 - 0x00007ffba49a8000 	C:\WINDOWS\System32\PSAPI.DLL
0x00007ffba00d0000 - 0x00007ffba00f4000 	C:\WINDOWS\SYSTEM32\WINMM.dll
0x00007ffb9e8a0000 - 0x00007ffb9e8a9000 	C:\WINDOWS\SYSTEM32\WSOCK32.dll
0x00007ffba59b0000 - 0x00007ffba5a1f000 	C:\WINDOWS\System32\WS2_32.dll
0x00007ffba00a0000 - 0x00007ffba00cd000 	C:\WINDOWS\SYSTEM32\WINMMBASE.dll
0x00007ffba2cc0000 - 0x00007ffba2d0a000 	C:\WINDOWS\System32\cfgmgr32.dll
0x00007ffba29f0000 - 0x00007ffba2a01000 	C:\WINDOWS\System32\kernel.appcore.dll
0x00007ffba0360000 - 0x00007ffba0370000 	C:\Program Files\Java\jdk-13.0.1\bin\verify.dll
0x00007ffba1690000 - 0x00007ffba1884000 	C:\WINDOWS\SYSTEM32\DBGHELP.DLL
0x00007ffb93d90000 - 0x00007ffb93dba000 	C:\WINDOWS\SYSTEM32\dbgcore.DLL
0x00007ffb8b480000 - 0x00007ffb8b4a6000 	C:\Program Files\Java\jdk-13.0.1\bin\java.dll
0x00007ffb9e0b0000 - 0x00007ffb9e0be000 	C:\Program Files\Java\jdk-13.0.1\bin\instrument.dll
0x00007ffb8ff70000 - 0x00007ffb8ff87000 	C:\Program Files\Java\jdk-13.0.1\bin\zip.dll
0x00007ffb9e050000 - 0x00007ffb9e05a000 	C:\Program Files\Java\jdk-13.0.1\bin\jimage.dll

dbghelp: loaded successfully - version: 4.0.5 - missing functions: none
symbol engine: initialized successfully - sym options: 0x614 - pdb path: .;C:\Program Files\Java\jdk-13.0.1\bin;C:\WINDOWS\SYSTEM32;C:\WINDOWS\WinSxS\amd64_microsoft.windows.common-controls_6595b64144ccf1df_6.0.18362.959_none_e6c7bbbf130c62bb;C:\Program Files\Java\jdk-13.0.1\bin\server

VM Arguments:
jvm_args: -javaagent:C:\Program Files\JetBrains\IntelliJ IDEA Community Edition 2020.1.3\lib\idea_rt.jar=54188:C:\Program Files\JetBrains\IntelliJ IDEA Community Edition 2020.1.3\bin -Dfile.encoding=UTF-8 
java_command: ai.skillo.Main
java_class_path (initial): C:\Users\elena\IdeaProjects\Java Hello World\out\production\Java Hello World
Launcher Type: SUN_STANDARD

[Global flags]
     intx CICompilerCount                          = 4                                         {product} {ergonomic}
     uint ConcGCThreads                            = 2                                         {product} {ergonomic}
     uint G1ConcRefinementThreads                  = 8                                         {product} {ergonomic}
   size_t G1HeapRegionSize                         = 1048576                                   {product} {ergonomic}
    uintx GCDrainStackTargetSize                   = 64                                        {product} {ergonomic}
   size_t InitialHeapSize                          = 167772160                                 {product} {ergonomic}
   size_t MarkStackSize                            = 4194304                                   {product} {ergonomic}
   size_t MaxHeapSize                              = 2669674496                                {product} {ergonomic}
   size_t MinHeapDeltaBytes                        = 1048576                                   {product} {ergonomic}
   size_t MinHeapSize                              = 8388608                                   {product} {ergonomic}
    uintx NonNMethodCodeHeapSize                   = 5836300                                {pd product} {ergonomic}
    uintx NonProfiledCodeHeapSize                  = 122910970                              {pd product} {ergonomic}
    uintx ProfiledCodeHeapSize                     = 122910970                              {pd product} {ergonomic}
    uintx ReservedCodeCacheSize                    = 251658240                              {pd product} {ergonomic}
     bool SegmentedCodeCache                       = true                                      {product} {ergonomic}
   size_t SoftMaxHeapSize                          = 2669674496                             {manageable} {ergonomic}
     bool UseCompressedClassPointers               = true                                 {lp64_product} {ergonomic}
     bool UseCompressedOops                        = true                                 {lp64_product} {ergonomic}
     bool UseG1GC                                  = true                                      {product} {ergonomic}
     bool UseLargePagesIndividualAllocation        = false                                  {pd product} {ergonomic}

Logging:
Log output configuration:
 #0: stdout all=warning uptime,level,tags
 #1: stderr all=off uptime,level,tags

Environment Variables:
JAVA_HOME=C:\Program Files\Java\jdk-13.0.1
PATH=C:\Program Files (x86)\Common Files\Oracle\Java\javapath;C:\ProgramData\Oracle\Java\javapath;C:\WINDOWS\system32;C:\WINDOWS;C:\WINDOWS\System32\Wbem;C:\WINDOWS\System32\WindowsPowerShell\v1.0\;C:\WINDOWS\System32\OpenSSH\;C:\Program Files\nodejs\;C:\Program Files (x86)\Yarn\bin\;C:\Program Files\Java\jdk-13.0.1\bin;C:\Users\elena\AppData\Local\Microsoft\WindowsApps;C:\Users\elena\AppData\Local\GitHubDesktop\bin;C:\Users\elena\AppData\Roaming\npm;C:\Users\elena\AppData\Local\Yarn\bin;C:\Users\elena\AppData\Local\Programs\Microsoft VS Code\bin;C:\Users\elena\AppData\Local\atom\bin
USERNAME=elena
OS=Windows_NT
PROCESSOR_IDENTIFIER=AMD64 Family 23 Model 24 Stepping 1, AuthenticAMD



---------------  S Y S T E M  ---------------

OS: Windows 10 , 64 bit Build 18362 (10.0.18362.959)

CPU:total 8 (initial active 8) (8 cores per cpu, 2 threads per core) family 23 model 24 stepping 1, cmov, cx8, fxsr, mmx, sse, sse2, sse3, ssse3, sse4.1, sse4.2, popcnt, avx, avx2, aes, clmul, mmxext, 3dnowpref, lzcnt, sse4a, ht, tsc, tscinvbit, tscinv, bmi1, bmi2, adx, sha, fma

Memory: 4k page, system-wide physical 10178M (1986M free)
TotalPageFile size 10178M (AvailPageFile size 111M)
current process WorkingSet (physical memory assigned to process): 10M, peak: 10M
current process commit charge ("private bytes"): 60M, peak: 220M

vm_info: Java HotSpot(TM) 64-Bit Server VM (13.0.1+9) for windows-amd64 JRE (13.0.1+9), built on Oct  6 2019 12:37:49 by "mach5one" with unknown MS VC++:1916

END.
